<?xml version="1.0" encoding="UTF-8"?>
<!-- Generated by org.testng.reporters.JUnitReportReporter -->
<testsuite hostname="HP-PC" name="PurchasePageTest" tests="2" failures="0" timestamp="9 Feb 2021 16:13:11 GMT" time="23.016" errors="0">
  <testcase name="verifySelectedFromLocation" time="13.725" classname="PurchasePageTest"/>
  <testcase name="verifySelectedToLocation" time="9.291" classname="PurchasePageTest"/>
</testsuite> <!-- PurchasePageTest -->
