<?xml version="1.0" encoding="UTF-8"?>
<!-- Generated by org.testng.reporters.JUnitReportReporter -->
<testsuite hostname="HP-PC" name="tests.PurchasePageTest" tests="1" failures="0" timestamp="10 Feb 2021 09:19:40 GMT" time="6.903" errors="0">
  <testcase name="selectFlightAndVerifyTotalCost" time="6.903" classname="tests.PurchasePageTest"/>
</testsuite> <!-- tests.PurchasePageTest -->
