<?xml version="1.0" encoding="UTF-8"?>
<!-- Generated by org.testng.reporters.JUnitReportReporter -->
<testsuite hostname="HP-PC" name="HomePageTest" tests="1" failures="0" timestamp="9 Feb 2021 15:18:58 GMT" time="6.935" errors="0">
  <testcase name="verifyPageTitle" time="6.935" classname="HomePageTest"/>
</testsuite> <!-- HomePageTest -->
