<?xml version="1.0" encoding="UTF-8"?>
<!-- Generated by org.testng.reporters.JUnitReportReporter -->
<testsuite hostname="HP-PC" name="tests.ConfirmationPageTest" tests="1" failures="0" timestamp="10 Feb 2021 09:19:40 GMT" time="12.150" errors="0">
  <testcase name="verifyBookingDateTime" time="12.150" classname="tests.ConfirmationPageTest"/>
</testsuite> <!-- tests.ConfirmationPageTest -->
