<?xml version="1.0" encoding="UTF-8"?>
<!-- Generated by org.testng.reporters.JUnitReportReporter -->
<testsuite hostname="HP-PC" name="tests.ReservePageTest" tests="3" failures="0" timestamp="10 Feb 2021 09:19:40 GMT" time="25.712" errors="0">
  <testcase name="verifySelectedFromLocation" time="8.375" classname="tests.ReservePageTest"/>
  <testcase name="verifyDisplayOfFlightSelection" time="9.696" classname="tests.ReservePageTest"/>
  <testcase name="verifySelectedToLocation" time="7.641" classname="tests.ReservePageTest"/>
</testsuite> <!-- tests.ReservePageTest -->
