<?xml version="1.0" encoding="UTF-8"?>
<!-- Generated by org.testng.reporters.JUnitReportReporter -->
<testsuite hostname="HP-PC" name="tests.HomePageTest" tests="1" failures="0" timestamp="10 Feb 2021 09:23:42 GMT" time="11.959" errors="0">
  <testcase name="verifyPageTitle" time="11.959" classname="tests.HomePageTest"/>
</testsuite> <!-- tests.HomePageTest -->
