<?xml version="1.0" encoding="UTF-8"?>
<!-- Generated by org.testng.reporters.JUnitReportReporter -->
<testsuite skipped="0" hostname="HP-PC" name="tests.PurchasePageTest" tests="1" failures="0" timestamp="10 Feb 2021 09:23:04 GMT" time="8.456" errors="0">
  <testcase name="selectFlightAndVerifyTotalCost" time="8.456" classname="tests.PurchasePageTest"/>
</testsuite> <!-- tests.PurchasePageTest -->
