<?xml version="1.0" encoding="UTF-8"?>
<!-- Generated by org.testng.reporters.JUnitReportReporter -->
<testsuite skipped="0" hostname="HP-PC" name="tests.ReservePageTest" tests="3" failures="0" timestamp="10 Feb 2021 09:23:04 GMT" time="21.178" errors="0">
  <testcase name="verifySelectedToLocation" time="8.166" classname="tests.ReservePageTest"/>
  <testcase name="verifyDisplayOfFlightSelection" time="6.120" classname="tests.ReservePageTest"/>
  <testcase name="verifySelectedFromLocation" time="6.892" classname="tests.ReservePageTest"/>
</testsuite> <!-- tests.ReservePageTest -->
