<?xml version="1.0" encoding="UTF-8"?>
<!-- Generated by org.testng.reporters.JUnitReportReporter -->
<testsuite skipped="0" hostname="HP-PC" name="tests.HomePageTest" tests="1" failures="0" timestamp="10 Feb 2021 09:23:04 GMT" time="17.030" errors="0">
  <testcase name="verifyPageTitle" time="17.030" classname="tests.HomePageTest"/>
</testsuite> <!-- tests.HomePageTest -->
